<?xml version="1.0" encoding="UTF-8"?>
<!-- Generated by org.testng.reporters.JUnitReportReporter -->
<testsuite skipped="0" hostname="DESKTOP-9AE2FHV" name="com.thiru.testcases.LoginTest" tests="1" failures="0" timestamp="2020-07-17T23:00:14 IST" time="3.325" errors="0">
  <testcase name="loginasBM" time="3.325" classname="com.thiru.testcases.LoginTest"/>
  <system-out/>
</testsuite> <!-- com.thiru.testcases.LoginTest -->
