<?xml version="1.0" encoding="UTF-8"?>
<!-- Generated by org.testng.reporters.JUnitReportReporter -->
<testsuite skipped="0" hostname="DESKTOP-9AE2FHV" name="com.thiru.testcases.AddCustomerTest" tests="3" failures="0" timestamp="2020-07-19T13:36:22 IST" time="13.882" errors="0">
  <testcase name="addCustomer" time="4.989" classname="com.thiru.testcases.AddCustomerTest"/>
  <system-out/>
  <testcase name="addCustomer" time="4.507" classname="com.thiru.testcases.AddCustomerTest"/>
  <system-out/>
  <testcase name="addCustomer" time="4.386" classname="com.thiru.testcases.AddCustomerTest"/>
  <system-out/>
</testsuite> <!-- com.thiru.testcases.AddCustomerTest -->
