<?xml version="1.0" encoding="UTF-8"?>
<!-- Generated by org.testng.reporters.JUnitReportReporter -->
<testsuite skipped="0" hostname="DESKTOP-9AE2FHV" name="com.thiru.testcases.AddCustomerTest" tests="2" failures="0" timestamp="2020-07-18T18:59:40 IST" time="8.874" errors="0">
  <testcase name="addCustomer" time="4.315" classname="com.thiru.testcases.AddCustomerTest"/>
  <system-out/>
  <testcase name="addCustomer" time="4.559" classname="com.thiru.testcases.AddCustomerTest"/>
  <system-out/>
</testsuite> <!-- com.thiru.testcases.AddCustomerTest -->
